<?xml version="1.0" encoding="UTF-8"?>
<testsuite name="com.example.project.ExtraCreditTest" tests="1" skipped="0" failures="0" errors="0" timestamp="2024-09-27T15:59:46" hostname="codespaces-955680" time="0.075">
  <properties/>
  <testcase name="testExtraCredit()" classname="com.example.project.ExtraCreditTest" time="0.075"/>
  <system-out><![CDATA[]]></system-out>
  <system-err><![CDATA[]]></system-err>
</testsuite>
